15:25:09.249 [main] INFO  tests.UserTests - Creating user
15:25:10.780 [main] INFO  tests.UserTests - User is created
15:25:10.787 [main] INFO  tests.UserTests - Getting information about the user
15:25:11.497 [main] INFO  tests.UserTests - Information Received
15:25:11.499 [main] INFO  tests.UserTests - Updating user
15:25:12.199 [main] INFO  tests.UserTests - User updated
15:25:12.200 [main] INFO  tests.UserTests - Deleting user
15:25:12.899 [main] INFO  tests.UserTests - User deleted
15:25:12.900 [main] INFO  tests.UserTests - Trying to Log in
15:25:13.603 [main] INFO  tests.UserTests - User Logged in
15:26:37.043 [main] INFO  tests.UserTests - Creating user
15:26:38.485 [main] INFO  tests.UserTests - User is created
15:26:38.492 [main] INFO  tests.UserTests - Getting information about the user
15:26:39.205 [main] INFO  tests.UserTests - Information Received
15:26:39.206 [main] INFO  tests.UserTests - Updating user
15:26:39.910 [main] INFO  tests.UserTests - User updated
15:26:39.911 [main] INFO  tests.UserTests - Deleting user
15:26:40.610 [main] INFO  tests.UserTests - User deleted
15:26:40.611 [main] INFO  tests.UserTests - Trying to Log in
15:26:41.305 [main] INFO  tests.UserTests - User Logged in
15:28:42.567 [main] INFO  tests.UserTests - Creating user
15:28:43.995 [main] INFO  tests.UserTests - User is created
15:28:44.003 [main] INFO  tests.UserTests - Getting information about the user
15:28:44.711 [main] INFO  tests.UserTests - Information Received
15:28:44.712 [main] INFO  tests.UserTests - Updating user
15:28:45.406 [main] INFO  tests.UserTests - User updated
15:28:45.407 [main] INFO  tests.UserTests - Deleting user
15:28:46.097 [main] INFO  tests.UserTests - User deleted
15:28:46.098 [main] INFO  tests.UserTests - Trying to Log in
15:28:46.794 [main] INFO  tests.UserTests - User Logged in
15:29:30.912 [main] INFO  tests.UserTests - Creating user
15:29:32.322 [main] INFO  tests.UserTests - User is created
15:29:32.330 [main] INFO  tests.UserTests - Getting information about the user
15:29:33.036 [main] INFO  tests.UserTests - Information Received
15:29:33.036 [main] INFO  tests.UserTests - Updating user
15:29:33.734 [main] INFO  tests.UserTests - User updated
15:29:33.735 [main] INFO  tests.UserTests - Deleting user
15:29:34.433 [main] INFO  tests.UserTests - User deleted
15:29:34.434 [main] INFO  tests.UserTests - Trying to Log in
15:29:35.127 [main] INFO  tests.UserTests - User Logged in
